2023-05-01 12:26:14 DEBUG TelegramBot:34 - /start
2023-05-01 12:34:01 DEBUG TelegramBot:36 - /start
2023-05-01 12:49:02 DEBUG TelegramBot:39 - /start
2023-05-01 12:49:02 ERROR TelegramBot:55 - org.telegram.telegrambots.meta.exceptions.TelegramApiRequestException: Unable to deserialize response
2023-05-02 18:07:59 DEBUG UpdateProducerImpl:15 - Привет
2023-05-02 18:08:40 ERROR UpdateController:49 - Unsupported message type receivedUpdate(updateId=29393169, message=null, inlineQuery=null, chosenInlineQuery=null, callbackQuery=null, editedMessage=Message(messageId=14, from=User(id=2044834193, firstName=Vadim, isBot=false, lastName=null, userName=blynchikV, languageCode=ru, canJoinGroups=null, canReadAllGroupMessages=null, supportInlineQueries=null, isPremium=null, addedToAttachmentMenu=null), date=1683040080, chat=Chat(id=2044834193, type=private, title=null, firstName=Vadim, lastName=null, userName=blynchikV, photo=null, description=null, inviteLink=null, pinnedMessage=null, stickerSetName=null, canSetStickerSet=null, permissions=null, slowModeDelay=null, bio=null, linkedChatId=null, location=null, messageAutoDeleteTime=null, hasPrivateForwards=null, HasProtectedContent=null, joinToSendMessages=null, joinByRequest=null), forwardFrom=null, forwardFromChat=null, forwardDate=null, text=Приветик, entities=null, captionEntities=null, audio=null, document=null, photo=null, sticker=null, video=null, contact=null, location=null, venue=null, animation=null, pinnedMessage=null, newChatMembers=[], leftChatMember=null, newChatTitle=null, newChatPhoto=null, deleteChatPhoto=null, groupchatCreated=null, replyToMessage=null, voice=null, caption=null, superGroupCreated=null, channelChatCreated=null, migrateToChatId=null, migrateFromChatId=null, editDate=1683040122, game=null, forwardFromMessageId=null, invoice=null, successfulPayment=null, videoNote=null, authorSignature=null, forwardSignature=null, mediaGroupId=null, connectedWebsite=null, passportData=null, forwardSenderName=null, poll=null, replyMarkup=null, dice=null, viaBot=null, senderChat=null, proximityAlertTriggered=null, messageAutoDeleteTimerChanged=null, isAutomaticForward=null, hasProtectedContent=null, webAppData=null, videoChatStarted=null, videoChatEnded=null, videoChatParticipantsInvited=null, videoChatScheduled=null), channelPost=null, editedChannelPost=null, shippingQuery=null, preCheckoutQuery=null, poll=null, pollAnswer=null, myChatMember=null, chatMember=null, chatJoinRequest=null)
2023-05-02 18:11:04 DEBUG UpdateProducerImpl:15 - 
2023-05-02 18:11:36 DEBUG UpdateProducerImpl:15 - 
2023-05-03 13:20:39 DEBUG UpdateProducerImpl:21 - Hello1
2023-05-04 09:29:24 DEBUG UpdateProducerImpl:21 - Hello from chat
2023-05-04 14:37:52 DEBUG UpdateProducerImpl:21 - Hello chat
2023-05-04 14:44:37 DEBUG UpdateProducerImpl:21 - Ку
2023-05-04 14:51:26 DEBUG UpdateProducerImpl:21 - Ща
2023-05-04 14:53:42 DEBUG UpdateProducerImpl:21 - Ку
2023-05-04 14:55:19 DEBUG UpdateProducerImpl:21 - Ауй
2023-05-04 14:57:45 DEBUG UpdateProducerImpl:21 - Ку
2023-05-04 15:05:15 DEBUG UpdateProducerImpl:21 - Ку
2023-05-04 15:07:57 DEBUG UpdateProducerImpl:21 - Yes
2023-05-04 15:11:05 DEBUG UpdateProducerImpl:21 - Tyop
2023-05-04 15:12:13 DEBUG UpdateProducerImpl:21 - Yes
2023-05-04 15:14:24 DEBUG UpdateProducerImpl:21 - Десу
2023-05-04 15:14:52 DEBUG UpdateProducerImpl:21 - Ваще
2023-05-15 08:24:44 DEBUG UpdateProducerImpl:21 - /start
2023-05-15 08:51:55 DEBUG UpdateProducerImpl:21 - Allo
2023-05-15 10:32:44 DEBUG UpdateProducerImpl:21 - Куку
2023-05-15 13:20:43 ERROR UpdateController:46 - Unsupported message type receivedUpdate(updateId=29393190, message=null, inlineQuery=null, chosenInlineQuery=null, callbackQuery=null, editedMessage=null, channelPost=null, editedChannelPost=null, shippingQuery=null, preCheckoutQuery=null, poll=null, pollAnswer=null, myChatMember=ChatMemberUpdated(chat=Chat(id=2044834193, type=private, title=null, firstName=Vadim, lastName=null, userName=blynchikV, photo=null, description=null, inviteLink=null, pinnedMessage=null, stickerSetName=null, canSetStickerSet=null, permissions=null, slowModeDelay=null, bio=null, linkedChatId=null, location=null, messageAutoDeleteTime=null, hasPrivateForwards=null, HasProtectedContent=null, joinToSendMessages=null, joinByRequest=null), from=User(id=2044834193, firstName=Vadim, isBot=false, lastName=null, userName=blynchikV, languageCode=ru, canJoinGroups=null, canReadAllGroupMessages=null, supportInlineQueries=null, isPremium=null, addedToAttachmentMenu=null), date=1684146044, oldChatMember=ChatMemberMember(status=member, user=User(id=6135547492, firstName=BabushkinPogreb, isBot=true, lastName=null, userName=VadimJavaBot, languageCode=null, canJoinGroups=null, canReadAllGroupMessages=null, supportInlineQueries=null, isPremium=null, addedToAttachmentMenu=null)), newChatMember=ChatMemberBanned(status=kicked, user=User(id=6135547492, firstName=BabushkinPogreb, isBot=true, lastName=null, userName=VadimJavaBot, languageCode=null, canJoinGroups=null, canReadAllGroupMessages=null, supportInlineQueries=null, isPremium=null, addedToAttachmentMenu=null), untilDate=0), inviteLink=null), chatMember=null, chatJoinRequest=null)
2023-05-15 13:20:45 ERROR UpdateController:46 - Unsupported message type receivedUpdate(updateId=29393191, message=null, inlineQuery=null, chosenInlineQuery=null, callbackQuery=null, editedMessage=null, channelPost=null, editedChannelPost=null, shippingQuery=null, preCheckoutQuery=null, poll=null, pollAnswer=null, myChatMember=ChatMemberUpdated(chat=Chat(id=2044834193, type=private, title=null, firstName=Vadim, lastName=null, userName=blynchikV, photo=null, description=null, inviteLink=null, pinnedMessage=null, stickerSetName=null, canSetStickerSet=null, permissions=null, slowModeDelay=null, bio=null, linkedChatId=null, location=null, messageAutoDeleteTime=null, hasPrivateForwards=null, HasProtectedContent=null, joinToSendMessages=null, joinByRequest=null), from=User(id=2044834193, firstName=Vadim, isBot=false, lastName=null, userName=blynchikV, languageCode=ru, canJoinGroups=null, canReadAllGroupMessages=null, supportInlineQueries=null, isPremium=null, addedToAttachmentMenu=null), date=1684146046, oldChatMember=ChatMemberBanned(status=kicked, user=User(id=6135547492, firstName=BabushkinPogreb, isBot=true, lastName=null, userName=VadimJavaBot, languageCode=null, canJoinGroups=null, canReadAllGroupMessages=null, supportInlineQueries=null, isPremium=null, addedToAttachmentMenu=null), untilDate=0), newChatMember=ChatMemberMember(status=member, user=User(id=6135547492, firstName=BabushkinPogreb, isBot=true, lastName=null, userName=VadimJavaBot, languageCode=null, canJoinGroups=null, canReadAllGroupMessages=null, supportInlineQueries=null, isPremium=null, addedToAttachmentMenu=null)), inviteLink=null), chatMember=null, chatJoinRequest=null)
2023-05-15 13:20:45 DEBUG UpdateProducerImpl:21 - /start
2023-05-15 13:21:06 DEBUG UpdateProducerImpl:21 - /help
2023-05-15 13:22:11 DEBUG UpdateProducerImpl:21 - /help
2023-05-15 13:22:21 DEBUG UpdateProducerImpl:21 - /start
2023-05-15 13:27:27 ERROR UpdateController:46 - Unsupported message type receivedUpdate(updateId=29393196, message=null, inlineQuery=null, chosenInlineQuery=null, callbackQuery=null, editedMessage=null, channelPost=null, editedChannelPost=null, shippingQuery=null, preCheckoutQuery=null, poll=null, pollAnswer=null, myChatMember=ChatMemberUpdated(chat=Chat(id=2044834193, type=private, title=null, firstName=Vadim, lastName=null, userName=blynchikV, photo=null, description=null, inviteLink=null, pinnedMessage=null, stickerSetName=null, canSetStickerSet=null, permissions=null, slowModeDelay=null, bio=null, linkedChatId=null, location=null, messageAutoDeleteTime=null, hasPrivateForwards=null, HasProtectedContent=null, joinToSendMessages=null, joinByRequest=null), from=User(id=2044834193, firstName=Vadim, isBot=false, lastName=null, userName=blynchikV, languageCode=ru, canJoinGroups=null, canReadAllGroupMessages=null, supportInlineQueries=null, isPremium=null, addedToAttachmentMenu=null), date=1684146448, oldChatMember=ChatMemberMember(status=member, user=User(id=6135547492, firstName=BabushkinPogreb, isBot=true, lastName=null, userName=VadimJavaBot, languageCode=null, canJoinGroups=null, canReadAllGroupMessages=null, supportInlineQueries=null, isPremium=null, addedToAttachmentMenu=null)), newChatMember=ChatMemberBanned(status=kicked, user=User(id=6135547492, firstName=BabushkinPogreb, isBot=true, lastName=null, userName=VadimJavaBot, languageCode=null, canJoinGroups=null, canReadAllGroupMessages=null, supportInlineQueries=null, isPremium=null, addedToAttachmentMenu=null), untilDate=0), inviteLink=null), chatMember=null, chatJoinRequest=null)
2023-05-15 13:27:28 ERROR UpdateController:46 - Unsupported message type receivedUpdate(updateId=29393197, message=null, inlineQuery=null, chosenInlineQuery=null, callbackQuery=null, editedMessage=null, channelPost=null, editedChannelPost=null, shippingQuery=null, preCheckoutQuery=null, poll=null, pollAnswer=null, myChatMember=ChatMemberUpdated(chat=Chat(id=2044834193, type=private, title=null, firstName=Vadim, lastName=null, userName=blynchikV, photo=null, description=null, inviteLink=null, pinnedMessage=null, stickerSetName=null, canSetStickerSet=null, permissions=null, slowModeDelay=null, bio=null, linkedChatId=null, location=null, messageAutoDeleteTime=null, hasPrivateForwards=null, HasProtectedContent=null, joinToSendMessages=null, joinByRequest=null), from=User(id=2044834193, firstName=Vadim, isBot=false, lastName=null, userName=blynchikV, languageCode=ru, canJoinGroups=null, canReadAllGroupMessages=null, supportInlineQueries=null, isPremium=null, addedToAttachmentMenu=null), date=1684146449, oldChatMember=ChatMemberBanned(status=kicked, user=User(id=6135547492, firstName=BabushkinPogreb, isBot=true, lastName=null, userName=VadimJavaBot, languageCode=null, canJoinGroups=null, canReadAllGroupMessages=null, supportInlineQueries=null, isPremium=null, addedToAttachmentMenu=null), untilDate=0), newChatMember=ChatMemberMember(status=member, user=User(id=6135547492, firstName=BabushkinPogreb, isBot=true, lastName=null, userName=VadimJavaBot, languageCode=null, canJoinGroups=null, canReadAllGroupMessages=null, supportInlineQueries=null, isPremium=null, addedToAttachmentMenu=null)), inviteLink=null), chatMember=null, chatJoinRequest=null)
2023-05-15 13:27:28 DEBUG UpdateProducerImpl:21 - /start
2023-05-15 13:27:31 DEBUG UpdateProducerImpl:21 - /help
2023-05-15 13:27:36 DEBUG UpdateProducerImpl:21 - /cancel
2023-05-15 13:27:38 DEBUG UpdateProducerImpl:21 - /registration
2023-05-15 13:28:47 DEBUG UpdateProducerImpl:21 - ыпыпв
2023-05-15 13:29:22 DEBUG UpdateProducerImpl:21 - 
2023-05-16 09:42:32 DEBUG UpdateProducerImpl:21 - 
2023-05-16 09:44:35 DEBUG UpdateProducerImpl:21 - 
2023-05-16 09:45:42 DEBUG UpdateProducerImpl:21 - 
2023-05-16 09:47:32 DEBUG UpdateProducerImpl:21 - 
2023-05-16 09:55:12 DEBUG UpdateProducerImpl:21 - 
2023-05-16 09:59:58 DEBUG UpdateProducerImpl:21 - 
2023-05-16 10:13:27 DEBUG UpdateProducerImpl:21 - 
